<?xml version="1.0" encoding="UTF-8"?>
<!-- Generated by org.testng.reporters.JUnitReportReporter -->
<testsuite skipped="0" hostname="DESKTOP-HCNTDJ1" name="com.application.AutomateTheWebApplication" tests="3" failures="0" timestamp="2020-07-17T00:47:59 IST" time="129.055" errors="0">
  <testcase name="registrationTest" time="46.032" classname="com.application.AutomateTheWebApplication"/>
  <system-out/>
  <testcase name="loginTest" time="40.282" classname="com.application.AutomateTheWebApplication"/>
  <system-out/>
  <testcase name="searchingandAddingToCartTest" time="42.741" classname="com.application.AutomateTheWebApplication"/>
  <system-out/>
</testsuite> <!-- com.application.AutomateTheWebApplication -->
